<?xml version="1.0" encoding="UTF-8"?>
<testng-results skipped="1" failed="0" total="1" passed="0">
  <reporter-output>
  </reporter-output>
  <suite name="Default suite" duration-ms="353" started-at="2016-11-10T14:55:45Z" finished-at="2016-11-10T14:55:45Z">
    <groups>
    </groups>
    <test name="Default test" duration-ms="353" started-at="2016-11-10T14:55:45Z" finished-at="2016-11-10T14:55:45Z">
      <class name="hello.HelloControllerITNG">
        <test-method status="PASS" signature="setUp()[pri:0, instance:hello.HelloControllerITNG@7bc1a03d]" name="setUp" is-config="true" duration-ms="12" started-at="2016-11-10T09:55:45Z" finished-at="2016-11-10T09:55:45Z">
          <reporter-output>
          </reporter-output>
        </test-method> <!-- setUp -->
        <test-method status="PASS" signature="springTestContextBeforeTestClass()[pri:0, instance:hello.HelloControllerITNG@7bc1a03d]" name="springTestContextBeforeTestClass" is-config="true" duration-ms="7" started-at="2016-11-10T09:55:45Z" finished-at="2016-11-10T09:55:45Z">
          <reporter-output>
          </reporter-output>
        </test-method> <!-- springTestContextBeforeTestClass -->
        <test-method status="FAIL" signature="springTestContextPrepareTestInstance()[pri:0, instance:hello.HelloControllerITNG@7bc1a03d]" name="springTestContextPrepareTestInstance" is-config="true" duration-ms="0" started-at="2016-11-10T09:55:45Z" depends-on-methods="org.springframework.test.context.testng.AbstractTestNGSpringContextTests.springTestContextBeforeTestClass" finished-at="2016-11-10T09:55:45Z">
          <exception class="org.springframework.beans.factory.UnsatisfiedDependencyException">
            <message>
              <![CDATA[Error creating bean with name 'hello.HelloControllerITNG': Unsatisfied dependency expressed through field 'port'; nested exception is org.springframework.beans.TypeMismatchException: Failed to convert value of type 'java.lang.String' to required type 'int'; nested exception is java.lang.NumberFormatException: For input string: "${local.server.port}"]]>
            </message>
            <full-stacktrace>
              <![CDATA[org.springframework.beans.factory.UnsatisfiedDependencyException: Error creating bean with name 'hello.HelloControllerITNG': Unsatisfied dependency expressed through field 'port'; nested exception is org.springframework.beans.TypeMismatchException: Failed to convert value of type 'java.lang.String' to required type 'int'; nested exception is java.lang.NumberFormatException: For input string: "${local.server.port}"
	at org.springframework.beans.factory.annotation.AutowiredAnnotationBeanPostProcessor$AutowiredFieldElement.inject(AutowiredAnnotationBeanPostProcessor.java:592)
	at org.springframework.beans.factory.annotation.InjectionMetadata.inject(InjectionMetadata.java:88)
	at org.springframework.beans.factory.annotation.AutowiredAnnotationBeanPostProcessor.postProcessPropertyValues(AutowiredAnnotationBeanPostProcessor.java:370)
	at org.springframework.beans.factory.support.AbstractAutowireCapableBeanFactory.populateBean(AbstractAutowireCapableBeanFactory.java:1219)
	at org.springframework.beans.factory.support.AbstractAutowireCapableBeanFactory.autowireBeanProperties(AbstractAutowireCapableBeanFactory.java:385)
	at org.springframework.test.context.support.DependencyInjectionTestExecutionListener.injectDependencies(DependencyInjectionTestExecutionListener.java:118)
	at org.springframework.test.context.support.DependencyInjectionTestExecutionListener.prepareTestInstance(DependencyInjectionTestExecutionListener.java:83)
	at org.springframework.test.context.TestContextManager.prepareTestInstance(TestContextManager.java:230)
	at org.springframework.test.context.testng.AbstractTestNGSpringContextTests.springTestContextPrepareTestInstance(AbstractTestNGSpringContextTests.java:149)
	at sun.reflect.NativeMethodAccessorImpl.invoke0(Native Method)
	at sun.reflect.NativeMethodAccessorImpl.invoke(NativeMethodAccessorImpl.java:62)
	at sun.reflect.DelegatingMethodAccessorImpl.invoke(DelegatingMethodAccessorImpl.java:43)
	at java.lang.reflect.Method.invoke(Method.java:498)
	at org.testng.internal.MethodInvocationHelper.invokeMethod(MethodInvocationHelper.java:84)
	at org.testng.internal.Invoker.invokeConfigurationMethod(Invoker.java:564)
	at org.testng.internal.Invoker.invokeConfigurations(Invoker.java:213)
	at org.testng.internal.Invoker.invokeConfigurations(Invoker.java:138)
	at org.testng.internal.TestMethodWorker.invokeBeforeClassMethods(TestMethodWorker.java:175)
	at org.testng.internal.TestMethodWorker.run(TestMethodWorker.java:107)
	at org.testng.TestRunner.privateRun(TestRunner.java:767)
	at org.testng.TestRunner.run(TestRunner.java:617)
	at org.testng.SuiteRunner.runTest(SuiteRunner.java:334)
	at org.testng.SuiteRunner.runSequentially(SuiteRunner.java:329)
	at org.testng.SuiteRunner.privateRun(SuiteRunner.java:291)
	at org.testng.SuiteRunner.run(SuiteRunner.java:240)
	at org.testng.SuiteRunnerWorker.runSuite(SuiteRunnerWorker.java:52)
	at org.testng.SuiteRunnerWorker.run(SuiteRunnerWorker.java:86)
	at org.testng.TestNG.runSuitesSequentially(TestNG.java:1224)
	at org.testng.TestNG.runSuitesLocally(TestNG.java:1149)
	at org.testng.TestNG.run(TestNG.java:1057)
	at org.testng.remote.AbstractRemoteTestNG.run(AbstractRemoteTestNG.java:132)
	at org.testng.remote.RemoteTestNG.initAndRun(RemoteTestNG.java:236)
	at org.testng.remote.RemoteTestNG.main(RemoteTestNG.java:81)
Caused by: org.springframework.beans.TypeMismatchException: Failed to convert value of type 'java.lang.String' to required type 'int'; nested exception is java.lang.NumberFormatException: For input string: "${local.server.port}"
	at org.springframework.beans.TypeConverterSupport.doConvert(TypeConverterSupport.java:77)
	at org.springframework.beans.TypeConverterSupport.convertIfNecessary(TypeConverterSupport.java:54)
	at org.springframework.beans.factory.support.DefaultListableBeanFactory.doResolveDependency(DefaultListableBeanFactory.java:1085)
	at org.springframework.beans.factory.support.DefaultListableBeanFactory.resolveDependency(DefaultListableBeanFactory.java:1059)
	at org.springframework.beans.factory.annotation.AutowiredAnnotationBeanPostProcessor$AutowiredFieldElement.inject(AutowiredAnnotationBeanPostProcessor.java:589)
	... 32 more
Caused by: java.lang.NumberFormatException: For input string: "${local.server.port}"
	at java.lang.NumberFormatException.forInputString(NumberFormatException.java:65)
	at java.lang.Integer.parseInt(Integer.java:569)
	at java.lang.Integer.valueOf(Integer.java:766)
	at org.springframework.util.NumberUtils.parseNumber(NumberUtils.java:208)
	at org.springframework.beans.propertyeditors.CustomNumberEditor.setAsText(CustomNumberEditor.java:113)
	at org.springframework.beans.TypeConverterDelegate.doConvertTextValue(TypeConverterDelegate.java:468)
	at org.springframework.beans.TypeConverterDelegate.doConvertValue(TypeConverterDelegate.java:441)
	at org.springframework.beans.TypeConverterDelegate.convertIfNecessary(TypeConverterDelegate.java:199)
	at org.springframework.beans.TypeConverterDelegate.convertIfNecessary(TypeConverterDelegate.java:125)
	at org.springframework.beans.TypeConverterSupport.doConvert(TypeConverterSupport.java:61)
	... 36 more
]]>
            </full-stacktrace>
          </exception> <!-- org.springframework.beans.factory.UnsatisfiedDependencyException -->
          <reporter-output>
          </reporter-output>
        </test-method> <!-- springTestContextPrepareTestInstance -->
        <test-method status="SKIP" signature="springTestContextBeforeTestMethod(java.lang.reflect.Method)[pri:0, instance:hello.HelloControllerITNG@7bc1a03d]" name="springTestContextBeforeTestMethod" is-config="true" duration-ms="0" started-at="2016-11-10T09:55:45Z" finished-at="2016-11-10T09:55:45Z">
          <reporter-output>
          </reporter-output>
        </test-method> <!-- springTestContextBeforeTestMethod -->
        <test-method status="SKIP" signature="getHello()[pri:0, instance:hello.HelloControllerITNG@7bc1a03d]" name="getHello" duration-ms="2" started-at="2016-11-10T09:55:45Z" finished-at="2016-11-10T09:55:45Z">
          <reporter-output>
          </reporter-output>
        </test-method> <!-- getHello -->
        <test-method status="PASS" signature="springTestContextAfterTestMethod(java.lang.reflect.Method)[pri:0, instance:hello.HelloControllerITNG@7bc1a03d]" name="springTestContextAfterTestMethod" is-config="true" duration-ms="3" started-at="2016-11-10T09:55:45Z" finished-at="2016-11-10T09:55:45Z">
          <params>
            <param index="0">
              <value>
                <![CDATA[public void hello.HelloControllerITNG.getHello() throws java.lang.Exception]]>
              </value>
            </param>
          </params>
          <reporter-output>
          </reporter-output>
        </test-method> <!-- springTestContextAfterTestMethod -->
        <test-method status="PASS" signature="springTestContextAfterTestClass()[pri:0, instance:hello.HelloControllerITNG@7bc1a03d]" name="springTestContextAfterTestClass" is-config="true" duration-ms="0" started-at="2016-11-10T09:55:45Z" finished-at="2016-11-10T09:55:45Z">
          <reporter-output>
          </reporter-output>
        </test-method> <!-- springTestContextAfterTestClass -->
      </class> <!-- hello.HelloControllerITNG -->
    </test> <!-- Default test -->
  </suite> <!-- Default suite -->
</testng-results>
